Active-HDL 9.1.2354.4209  2013-11-28 14:27:28

Elaboration top modules:
Architecture                  ram_arch(ram)


--------------------------------------------------------------------------------------------
Entity   | Architecture | Library   | Info | Compiler Version         | Compilation Options
--------------------------------------------------------------------------------------------
ram      | ram_arch     | keymatrix |      | 9.1.2354.4209  (Windows) | -O3
--------------------------------------------------------------------------------------------

--------------------------------------------------------------------------------------------
VHDL Package            | Library   | Info | Compiler Version         | Compilation Options
--------------------------------------------------------------------------------------------
standard                | std       |      |                          | <unavailable>
TEXTIO                  | std       |      | 9.1.2354.4209  (Windows) |  -2008
std_logic_1164          | ieee      |      | 9.1.2354.4209  (Windows) |  -2008
std_logic_arith         | ieee      |      | 9.1.2354.4209  (Windows) | 
STD_LOGIC_UNSIGNED      | ieee      |      | 9.1.2354.4209  (Windows) | 
--------------------------------------------------------------------------------------------

--------------------------------------------------------------------------------------------
Library                 | Comment
--------------------------------------------------------------------------------------------
ieee                    | Standard IEEE packages library
keymatrix               | None
std                     | Standard VHDL library
--------------------------------------------------------------------------------------------
