Microsemi Libero Software
Version: 11.8.0.26
Release: v11.8

Info: The design simple_dip_switch.adb was last modified by software version 11.8.0.26.
Opened an existing Libero design simple_dip_switch.adb.
'BA_NAME' set to 'simple_dip_switch_ba'
'IDE_DESIGNERVIEW_NAME' set to 'Impl1'
'IDE_DESIGNERVIEW_COUNT' set to '1'
'IDE_DESIGNERVIEW_REV0' set to 'Impl1'
'IDE_DESIGNERVIEW_REVNUM0' set to '1'
'IDE_DESIGNERVIEW_ROOTDIR' set to 'W:\OneDrive - Hanoi University of Science and
Technology\TaiLieuMonHoc\IT4251_ThietKeIC\ThucHanh\Actel ProASIC3 LC Starter
Kit\LabAssignments\01_dip_switch_actel\designer'
'IDE_DESIGNERVIEW_LASTREV' set to '1'

 Netlist Reading Time = 0.0 seconds
Imported the files:
   W:\OneDrive - Hanoi University of Science and
Technology\TaiLieuMonHoc\IT4251_ThietKeIC\ThucHanh\Actel ProASIC3 LC Starter
Kit\LabAssignments\01_dip_switch_actel\synthesis\simple_dip_switch.edn
   W:\OneDrive - Hanoi University of Science and
Technology\TaiLieuMonHoc\IT4251_ThietKeIC\ThucHanh\Actel ProASIC3 LC Starter
Kit\LabAssignments\01_dip_switch_actel\synthesis\simple_dip_switch_sdc.sdc

The Import command succeeded ( 00:00:02 )
=====================================================================
Parameters used to run compile:
===============================

Family      : ProASIC3
Device      : A3P250
Package     : 208 PQFP
Source      : W:\OneDrive - Hanoi University of Science and
Technology\TaiLieuMonHoc\IT4251_ThietKeIC\ThucHanh\Actel ProASIC3 LC Starter
Kit\LabAssignments\01_dip_switch_actel\synthesis\simple_dip_switch.edn
              W:\OneDrive - Hanoi University of Science and
Technology\TaiLieuMonHoc\IT4251_ThietKeIC\ThucHanh\Actel ProASIC3 LC Starter
Kit\LabAssignments\01_dip_switch_actel\synthesis\simple_dip_switch_sdc.sdc
Format      : EDIF
Topcell     : simple_dip_switch
Speed grade : -2
Temp        : 0:25:70
Voltage     : 1.58:1.50:1.42

Keep Existing Physical Constraints : No
Keep Existing Timing Constraints   : Yes

pdc_abort_on_error                 : Yes
pdc_eco_display_unmatched_objects  : No
pdc_eco_max_warnings               : 10000

demote_globals                     : No
promote_globals                    : No
localclock_max_shared_instances    : 12
localclock_buffer_tree_max_fanout  : 12

combine_register                   : No
delete_buffer_tree                 : No

report_high_fanout_nets_limit      : 10

=====================================================================
Compile starts ...


Netlist Optimization Report
===========================

Optimized macros:
  - Dangling net drivers:   0
  - Buffers:                0
  - Inverters:              0
  - Tieoff:                 0
  - Logic combining:        0

    Total macros optimized  0

There were 0 error(s) and 0 warning(s) in this design.
=====================================================================

Reading previous post-compile physical placement constraints.


There were 0 error(s) and 0 warning(s).

=====================================================================
Compile report:
===============

    CORE                       Used:      0  Total:   6144   (0.00%)
    IO (W/ clocks)             Used:     24  Total:    151   (15.89%)
    Differential IO            Used:      0  Total:     34   (0.00%)
    GLOBAL (Chip+Quadrant)     Used:      0  Total:     18   (0.00%)
    PLL                        Used:      0  Total:      1   (0.00%)
    RAM/FIFO                   Used:      0  Total:      8   (0.00%)
    Low Static ICC             Used:      0  Total:      1   (0.00%)
    FlashROM                   Used:      0  Total:      1   (0.00%)
    User JTAG                  Used:      0  Total:      1   (0.00%)

Global Information:

    Type            | Used   | Total
    ----------------|--------|--------------
    Chip global     | 0      | 6  (0.00%)*
    Quadrant global | 0      | 12 (0.00%)

    (*) Chip globals may be assigned to Quadrant globals using the Multi-View Navigator (MVN)
        or Physical Design Constraints (PDC).
        They may also be assigned to Quadrant globals automatically during Layout.

Core Information:

    Type    | Instances    | Core tiles
    --------|--------------|-----------
    COMB    | 0            | 0
    SEQ     | 0            | 0

I/O Function:

    Type                                  | w/o register  | w/ register  | w/ DDR register
    --------------------------------------|---------------|--------------|----------------
    Input I/O                             | 8             | 0            | 0
    Output I/O                            | 16            | 0            | 0
    Bidirectional I/O                     | 0             | 0            | 0
    Differential Input I/O Pairs          | 0             | 0            | 0
    Differential Output I/O Pairs         | 0             | 0            | 0

I/O Technology:

                                    |   Voltages    |             I/Os
    --------------------------------|-------|-------|-------|--------|--------------
    I/O Standard(s)                 | Vcci  | Vref  | Input | Output | Bidirectional
    --------------------------------|-------|-------|-------|--------|--------------
    LVCMOS33                        | 3.30v | N/A   | 8     | 16     | 0

I/O Placement:

    Locked  :   0
    Placed  :  24 ( 100.00% )
    UnPlaced:   0

Net information report:
=======================

High fanout nets in the post compile netlist:
    Fanout  Type          Name
    --------------------------
    1       INT_NET       Net   : SW2_c_c[7]
                          Driver: SW2_pad[7]
    1       INT_NET       Net   : SW2_c_c[6]
                          Driver: SW2_pad[6]
    1       INT_NET       Net   : SW2_c_c[5]
                          Driver: SW2_pad[5]
    1       INT_NET       Net   : SW2_c_c[4]
                          Driver: SW2_pad[4]
    1       INT_NET       Net   : SW2_c_c[3]
                          Driver: SW2_pad[3]
    1       INT_NET       Net   : SW2_c_c[2]
                          Driver: SW2_pad[2]
    1       INT_NET       Net   : SW2_c_c[1]
                          Driver: SW2_pad[1]
    1       INT_NET       Net   : SW2_c_c[0]
                          Driver: SW2_pad[0]

Nets that are candidates for clock assignment and the resulting fanout:
    Fanout  Type          Name
    --------------------------
    1       INT_NET       Net   : SW2_c_c[7]
                          Driver: SW2_pad[7]
    1       INT_NET       Net   : SW2_c_c[6]
                          Driver: SW2_pad[6]
    1       INT_NET       Net   : SW2_c_c[5]
                          Driver: SW2_pad[5]
    1       INT_NET       Net   : SW2_c_c[4]
                          Driver: SW2_pad[4]
    1       INT_NET       Net   : SW2_c_c[3]
                          Driver: SW2_pad[3]
    1       INT_NET       Net   : SW2_c_c[2]
                          Driver: SW2_pad[2]
    1       INT_NET       Net   : SW2_c_c[1]
                          Driver: SW2_pad[1]
    1       INT_NET       Net   : SW2_c_c[0]
                          Driver: SW2_pad[0]


SDC Import: Begin processing constraints...



SDC Import: End processing constraints


The Compile command succeeded ( 00:00:02 )
Wrote status report to file: simple_dip_switch_compile_report.txt

The Report command succeeded ( 00:00:00 )
Wrote pin report to file: simple_dip_switch_report_pin_byname.txt

The Report command succeeded ( 00:00:01 )
Wrote pin report to file: simple_dip_switch_report_pin_bynumber.txt

The Report command succeeded ( 00:00:01 )
Design saved to file W:\OneDrive - Hanoi University of Science and
Technology\TaiLieuMonHoc\IT4251_ThietKeIC\ThucHanh\Actel ProASIC3 LC Starter
Kit\LabAssignments\01_dip_switch_actel\designer\impl1\simple_dip_switch.adb.

The Execute Script command succeeded ( 00:00:07 )
Design closed.

