Active-HDL 9.1.2354.4209  2013-11-20 21:57:13

Elaboration top modules:
Architecture                  Led_Matrix_Controller(Led_Matrix_Controller)


----------------------------------------------------------------------------------------------------------------------
Entity                | Architecture          | Library       | Info | Compiler Version         | Compilation Options
----------------------------------------------------------------------------------------------------------------------
Led_Matrix_Controller | Led_Matrix_Controller | single_matrix |      | 9.1.2354.4209  (Windows) | -O3
Controller            | controller            | single_matrix |      | 9.1.2354.4209  (Windows) | -O3
Step_Register         | behavior              | single_matrix |      | 9.1.2354.4209  (Windows) | -O3
ram                   | ram_arch              | single_matrix |      | 9.1.2354.4209  (Windows) | -O3
GRegister             | behavior              | single_matrix |      | 9.1.2354.4209  (Windows) | -O3
Counter               | counter               | single_matrix |      | 9.1.2354.4209  (Windows) | -O3
----------------------------------------------------------------------------------------------------------------------

----------------------------------------------------------------------------------------------------------------------
VHDL Package                                  | Library       | Info | Compiler Version         | Compilation Options
----------------------------------------------------------------------------------------------------------------------
standard                                      | std           |      |                          | <unavailable>
TEXTIO                                        | std           |      | 9.1.2354.4209  (Windows) |  -2008
std_logic_1164                                | ieee          |      | 9.1.2354.4209  (Windows) |  -2008
std_logic_arith                               | ieee          |      | 9.1.2354.4209  (Windows) | 
STD_LOGIC_UNSIGNED                            | ieee          |      | 9.1.2354.4209  (Windows) | 
----------------------------------------------------------------------------------------------------------------------

----------------------------------------------------------------------------------------------------------------------
Library                                       | Comment
----------------------------------------------------------------------------------------------------------------------
ieee                                          | Standard IEEE packages library
single_matrix                                 | None
std                                           | Standard VHDL library
----------------------------------------------------------------------------------------------------------------------
