
Starting:    C:\Actel\Libero_v9.1\Synopsys\synplify_E201009A-1\bin\mbin\synplify.exe
Install:     C:\Actel\Libero_v9.1\Synopsys\synplify_E201009A-1
Date:        Fri Dec 06 15:33:50 2013
Version:     E-2010.09A-1

Arguments:   -product synplify_pro Led_Matrix_Controller_ClockDiv_syn.prj
ProductType: synplify_pro

License checkout: synplifypro_actel
License: synplifypro_actel node-locked 
Licensed Vendor: actel
License Feature: actel_oem




Running synthesis on Led_Matrix_Controller_ClockDiv_syn:synthesis

log file: "E:\workspaces\activehdl\05_ledmatrix_actel\synthesis\Led_Matrix_Controller_ClockDiv.srr"



Running HDL Compiler...


Compiler Completed
Return Code: 0
Run Time:00:00:01


Running ProASIC3 Mapper...

ProASIC3 Mapper is up to date. No run necessary

Note: Opening local project RTL file 'E:\workspaces\activehdl\05_ledmatrix_actel\synthesis\Led_Matrix_Controller_ClockDiv.srs'

Opening object source file e:\workspaces\activehdl\05_ledmatrix_actel\hdl\led_matrix_controller_clockdiv.vhd

exit status=0


License checkin: synplifypro_actel

