
Starting:    C:\Actel\Libero_v9.1\Synopsys\synplify_E201009A-1\bin\mbin\synplify.exe
Install:     C:\Actel\Libero_v9.1\Synopsys\synplify_E201009A-1
Date:        Thu Nov 28 14:35:17 2013
Version:     E-2010.09A-1

Arguments:   -product synplify_pro top_syn.prj
ProductType: synplify_pro

License checkout: synplifypro_actel
License: synplifypro_actel node-locked 
Licensed Vendor: actel
License Feature: actel_oem




Running synthesis on top_syn:synthesis

log file: "E:\workspaces\activehdl\04_counter_actel\synthesis\top.srr"



Running HDL Compiler...

compiler exited with errors


Job: "Compiler" terminated with error status: 2.
See log file: "E:\workspaces\activehdl\04_counter_actel\synthesis\top.srr"
Return Code: 2
Run Time:00:00:01

Running synthesis on top_syn:synthesis

log file: "E:\workspaces\activehdl\04_counter_actel\synthesis\top.srr"



Running HDL Compiler...

compiler exited with errors


Job: "Compiler" terminated with error status: 2.
See log file: "E:\workspaces\activehdl\04_counter_actel\synthesis\top.srr"
Return Code: 2
Run Time:00:00:00

Running synthesis on top_syn:synthesis

log file: "E:\workspaces\activehdl\04_counter_actel\synthesis\top.srr"



Running HDL Compiler...


Compiler Completed
Return Code: 0
Run Time:00:00:01


Running ProASIC3 Mapper...


ProASIC3 Mapper Completed with warnings
Return Code: 1
Run Time:00:00:10

Note: Opening local project RTL file 'E:\workspaces\activehdl\04_counter_actel\synthesis\top.srs'

Opening object source file e:\workspaces\activehdl\04_counter_actel\hdl\counter40.vhd

exit status=0


License checkin: synplifypro_actel

